[debug] [2022-01-18T09:33:04.871Z] ----------------------------------------------------------------------
[debug] [2022-01-18T09:33:04.874Z] Command:       C:\Program Files\nodejs\node.exe C:\Users\daik0\AppData\Roaming\npm\node_modules\firebase-tools\lib\bin\firebase.js init
[debug] [2022-01-18T09:33:04.875Z] CLI Version:   10.1.0
[debug] [2022-01-18T09:33:04.875Z] Platform:      win32
[debug] [2022-01-18T09:33:04.876Z] Node Version:  v16.13.1
[debug] [2022-01-18T09:33:04.886Z] Time:          Tue Jan 18 2022 16:33:04 GMT+0700 (Indochina Time)
[debug] [2022-01-18T09:33:04.887Z] ----------------------------------------------------------------------
[debug] 
[debug] [2022-01-18T09:33:04.892Z] >>> [apiv2][query] GET https://firebase-public.firebaseio.com/cli.json [none]
[debug] [2022-01-18T09:33:05.043Z] > command requires scopes: ["email","openid","https://www.googleapis.com/auth/cloudplatformprojects.readonly","https://www.googleapis.com/auth/firebase","https://www.googleapis.com/auth/cloud-platform"]
[debug] [2022-01-18T09:33:05.044Z] > authorizing via signed-in user (lxdai0307@gmail.com)
[info] 
     ######## #### ########  ######## ########     ###     ######  ########
     ##        ##  ##     ## ##       ##     ##  ##   ##  ##       ##
     ######    ##  ########  ######   ########  #########  ######  ######
     ##        ##  ##    ##  ##       ##     ## ##     ##       ## ##
     ##       #### ##     ## ######## ########  ##     ##  ######  ########

You're about to initialize a Firebase project in this directory:

  D:\Project Web\f-baucua\bau-cua

Before we get started, keep in mind:

  * You are initializing within an existing Firebase project directory

[debug] [2022-01-18T09:33:05.860Z] <<< [apiv2][status] GET https://firebase-public.firebaseio.com/cli.json 200
[debug] [2022-01-18T09:33:05.860Z] <<< [apiv2][body] GET https://firebase-public.firebaseio.com/cli.json {"cloudBuildErrorAfter":1594252800000,"cloudBuildWarnAfter":1590019200000,"defaultNode10After":1594252800000,"minVersion":"3.0.5","node8DeploysDisabledAfter":1613390400000,"node8RuntimeDisabledAfter":1615809600000,"node8WarnAfter":1600128000000}
